Arguments: 
  /Users/daniel/.nvm/versions/node/v10.16.3/bin/node /Users/daniel/.nvm/versions/node/v10.16.3/bin/yarn add aws-lambda

PATH: 
  /Users/daniel/google-cloud-sdk/bin:/Users/daniel/.nvm/versions/node/v10.16.3/bin:/usr/local/bin:/usr/bin:/bin:/usr/sbin:/sbin

Yarn version: 
  1.17.3

Node version: 
  10.16.3

Platform: 
  darwin x64

Trace: 
  SyntaxError: /Users/daniel/Projects/fleek/space-services/services/address-book/package.json: Unexpected string in JSON at position 531
      at JSON.parse (<anonymous>)
      at /Users/daniel/.nvm/versions/node/v10.16.3/lib/node_modules/yarn/lib/cli.js:1625:59
      at Generator.next (<anonymous>)
      at step (/Users/daniel/.nvm/versions/node/v10.16.3/lib/node_modules/yarn/lib/cli.js:304:30)
      at /Users/daniel/.nvm/versions/node/v10.16.3/lib/node_modules/yarn/lib/cli.js:315:13

npm manifest: 
  {
    "name": "address-book",
    "version": "0.0.1",
    "description": "Store user identities and proofs",
    "author": "Daniel Merrill (@dmerrill6)",
    "license": "MIT",
    "main": "dist/index",
    "typings": "dist/index",
    "files": [
      "dist"
    ],
    "scripts": {
      "build": "npm run clean && npm run compile",
      "clean": "rm -rf ./dist && rm -rf tsconfig.tsbuildinfo",
      "compile": "tsc -b tsconfig.json",
      "test": "jest",
      "lint": "eslint --ext ts,js ./src"
    },
    "dependencies": {
      "@packages/models": "^0.0.1"
      "@packages/apitools": "^0.0.1"
    },
    "devDependencies": {
      "@packages/devtools": "^0.0.1",
      "@types/node": "^12.12.21",
      "typescript": "^3.7.3"
    },
    "private": true
  }

yarn manifest: 
  No manifest

Lockfile: 
  No lockfile
